<?xml version="1.0" encoding="UTF-8"?>
<robot generator="Robot 7.1 (Python 3.12.4 on win32)" generated="2024-10-17T15:37:40.584715" rpa="false" schemaversion="5">
<suite id="s1" name="Tasks" source="C:\QAprj\prjs\stdAppiumMarkX\tests\tasks.robot">
<test id="s1-t1" name="Should register a new task" line="11">
<kw name="Start Session" owner="base" type="SETUP">
<kw name="Open Application" owner="AppiumLibrary">
<kw name="Capture Page Screenshot" owner="AppiumLibrary">
<msg time="2024-10-17T15:39:12.286291" level="FAIL">No application is open</msg>
<doc>Takes a screenshot of the current page and embeds it into the log.</doc>
<status status="FAIL" start="2024-10-17T15:39:12.286291" elapsed="0.072271">No application is open</status>
</kw>
<msg time="2024-10-17T15:39:12.362585" level="WARN">Keyword 'Capture Page Screenshot' could not be run on failure: No application is open</msg>
<msg time="2024-10-17T15:39:12.364092" level="FAIL">WebDriverException: Message: An unknown server-side error occurred while processing the command. Original error: Error executing adbExec. Original error: 'Command 'C:\\Users\\lgust\\AppData\\Local\\Android\\Sdk\\platform-tools\\adb.exe -P 5037 -s emulator-5554 shell 'settings delete global hidden_api_policy_pre_p_apps;settings delete global hidden_api_policy_p_apps;settings delete global hidden_api_policy'' timed out after 20000ms'. Try to increase the 20000ms adb execution timeout represented by 'adbExecTimeout' capability
Stacktrace:
UnknownError: An unknown server-side error occurred while processing the command. Original error: Error executing adbExec. Original error: 'Command 'C:\\Users\\lgust\\AppData\\Local\\Android\\Sdk\\platform-tools\\adb.exe -P 5037 -s emulator-5554 shell 'settings delete global hidden_api_policy_pre_p_apps;settings delete global hidden_api_policy_p_apps;settings delete global hidden_api_policy'' timed out after 20000ms'. Try to increase the 20000ms adb execution timeout represented by 'adbExecTimeout' capability
    at getResponseForW3CError (C:\QAprj\prjs\stdAppiumMarkX\node_modules\@appium\base-driver\lib\protocol\errors.js:1145:9)
    at asyncHandler (C:\QAprj\prjs\stdAppiumMarkX\node_modules\@appium\base-driver\lib\protocol\protocol.js:485:57)</msg>
<arg>http://localhost:4723</arg>
<arg>platformName=Android</arg>
<arg>deviceName=Emulator</arg>
<arg>automationName=uiautomator2</arg>
<arg>app=${EXECDIR}/apps/markx.apk</arg>
<arg>udid=emulator-5554</arg>
<arg>autoGrantPermissions=true</arg>
<doc>Opens a new application to given Appium server.
Capabilities of appium server, Android and iOS,
Please check https://appium.io/docs/en/2.1/cli/args/
| *Option*            | *Man.* | *Description*     |
| remote_url          | Yes    | Appium server url |
| alias               | no     | alias             |
| strict_ssl          | No     | allows you to send commands to an invalid certificate host like a self-signed one. |</doc>
<status status="FAIL" start="2024-10-17T15:37:41.102021" elapsed="91.263730">WebDriverException: Message: An unknown server-side error occurred while processing the command. Original error: Error executing adbExec. Original error: 'Command 'C:\\Users\\lgust\\AppData\\Local\\Android\\Sdk\\platform-tools\\adb.exe -P 5037 -s emulator-5554 shell 'settings delete global hidden_api_policy_pre_p_apps;settings delete global hidden_api_policy_p_apps;settings delete global hidden_api_policy'' timed out after 20000ms'. Try to increase the 20000ms adb execution timeout represented by 'adbExecTimeout' capability
Stacktrace:
UnknownError: An unknown server-side error occurred while processing the command. Original error: Error executing adbExec. Original error: 'Command 'C:\\Users\\lgust\\AppData\\Local\\Android\\Sdk\\platform-tools\\adb.exe -P 5037 -s emulator-5554 shell 'settings delete global hidden_api_policy_pre_p_apps;settings delete global hidden_api_policy_p_apps;settings delete global hidden_api_policy'' timed out after 20000ms'. Try to increase the 20000ms adb execution timeout represented by 'adbExecTimeout' capability
    at getResponseForW3CError (C:\QAprj\prjs\stdAppiumMarkX\node_modules\@appium\base-driver\lib\protocol\errors.js:1145:9)
    at asyncHandler (C:\QAprj\prjs\stdAppiumMarkX\node_modules\@appium\base-driver\lib\protocol\protocol.js:485:57)</status>
</kw>
<kw name="Wait Until Page Contains" owner="AppiumLibrary">
<arg>Endereço IP da Api</arg>
<arg>10</arg>
<doc>Waits until `text` appears on current page.</doc>
<status status="NOT RUN" start="2024-10-17T15:39:12.366751" elapsed="0.000000"/>
</kw>
<status status="FAIL" start="2024-10-17T15:37:41.099962" elapsed="91.266789">WebDriverException: Message: An unknown server-side error occurred while processing the command. Original error: Error executing adbExec. Original error: 'Command 'C:\\Users\\lgust\\AppData\\Local\\Android\\Sdk\\platform-tools\\adb.exe -P 5037 -s emulator-5554 shell 'settings delete global hidden_api_policy_pre_p_apps;settings delete global hidden_api_policy_p_apps;settings delete global hidden_api_policy'' timed out after 20000ms'. Try to increase the 20000ms adb execution timeout represented by 'adbExecTimeout' capability
Stacktrace:
UnknownError: An unknown server-side error occurred while processing the command. Original error: Error executing adbExec. Original error: 'Command 'C:\\Users\\lgust\\AppData\\Local\\Android\\Sdk\\platform-tools\\adb.exe -P 5037 -s emulator-5554 shell 'settings delete global hidden_api_policy_pre_p_apps;settings delete global hidden_api_policy_p_apps;settings delete global hidden_api_policy'' timed out after 20000ms'. Try to increase the 20000ms adb execution timeout represented by 'adbExecTimeout' capability
    at getResponseForW3CError (C:\QAprj\prjs\stdAppiumMarkX\node_modules\@appium\base-driver\lib\protocol\errors.js:1145:9)
    at asyncHandler (C:\QAprj\prjs\stdAppiumMarkX\node_modules\@appium\base-driver\lib\protocol\protocol.js:485:57)</status>
</kw>
<kw name="Finish Session" owner="base" type="TEARDOWN">
<kw name="Capture Page Screenshot" owner="AppiumLibrary">
<kw name="Capture Page Screenshot" owner="AppiumLibrary">
<msg time="2024-10-17T15:39:12.369250" level="FAIL">No application is open</msg>
<doc>Takes a screenshot of the current page and embeds it into the log.</doc>
<status status="FAIL" start="2024-10-17T15:39:12.367745" elapsed="0.003019">No application is open</status>
</kw>
<msg time="2024-10-17T15:39:12.373263" level="WARN">Keyword 'Capture Page Screenshot' could not be run on failure: No application is open</msg>
<msg time="2024-10-17T15:39:12.373263" level="FAIL">No application is open</msg>
<doc>Takes a screenshot of the current page and embeds it into the log.</doc>
<status status="FAIL" start="2024-10-17T15:39:12.367745" elapsed="0.007515">No application is open</status>
</kw>
<kw name="Close Application" owner="AppiumLibrary">
<kw name="Capture Page Screenshot" owner="AppiumLibrary">
<msg time="2024-10-17T15:39:12.375260" level="FAIL">No application is open</msg>
<doc>Takes a screenshot of the current page and embeds it into the log.</doc>
<status status="FAIL" start="2024-10-17T15:39:12.375260" elapsed="0.001509">No application is open</status>
</kw>
<msg time="2024-10-17T15:39:12.379780" level="WARN">Keyword 'Capture Page Screenshot' could not be run on failure: No application is open</msg>
<msg time="2024-10-17T15:39:12.380288" level="FAIL">No application is open</msg>
<doc>Closes the current application and also close webdriver session.</doc>
<status status="FAIL" start="2024-10-17T15:39:12.375260" elapsed="0.005533">No application is open</status>
</kw>
<status status="FAIL" start="2024-10-17T15:39:12.367745" elapsed="0.013048">Several failures occurred:

1) No application is open

2) No application is open</status>
</kw>
<status status="FAIL" start="2024-10-17T15:37:41.098453" elapsed="91.283354">Setup failed:
WebDriverException: Message: An unknown server-side error occurred while processing the command. Original error: Error executing adbExec. Original error: 'Command 'C:\\Users\\lgust\\AppData\\Local\\Android\\Sdk\\platform-tools\\adb.exe -P 5037 -s emulator-5554 shell 'settings delete global hidden_api_policy_pre_p_apps;settings delete global hidden_api_policy_p_apps;settings delete global hidden_api_policy'' timed out after 20000ms'. Try to increase the 20000ms adb execution timeout represented by 'adbExecTimeout' capability
Stacktrace:
UnknownError: An unknown server-side error occurred while processing the command. Original error: Error executing adbExec. Original error: 'Command 'C:\\Users\\lgust\\AppData\\Local\\Android\\Sdk\\platform-tools\\adb.exe -P 5037 -s emulator-5554 shell 'settings delete global hidden_api_policy_pre_p_apps;settings delete global hidden_api_policy_p_apps;settings delete global hidden_api_policy'' timed out after 20000ms'. Try to increase the 20000ms adb execution timeout represented by 'adbExecTimeout' capability
    at getResponseForW3CError (C:\QAprj\prjs\stdAppiumMarkX\node_modules\@appium\base-driver\lib\protocol\errors.js:1145:9)
    at asyncHandler (C:\QAprj\prjs\stdAppiumMarkX\node_modules\@appium\base-driver\lib\protocol\protocol.js:485:57)

Also teardown failed:
Several failures occurred:

1) No application is open

2) No application is open</status>
</test>
<doc>Test Suite of Register Tasks</doc>
<status status="FAIL" start="2024-10-17T15:37:40.587237" elapsed="91.795572"/>
</suite>
<statistics>
<total>
<stat pass="0" fail="1" skip="0">All Tests</stat>
</total>
<tag>
</tag>
<suite>
<stat pass="0" fail="1" skip="0" id="s1" name="Tasks">Tasks</stat>
</suite>
</statistics>
<errors>
<msg time="2024-10-17T15:39:12.362585" level="WARN">Keyword 'Capture Page Screenshot' could not be run on failure: No application is open</msg>
<msg time="2024-10-17T15:39:12.373263" level="WARN">Keyword 'Capture Page Screenshot' could not be run on failure: No application is open</msg>
<msg time="2024-10-17T15:39:12.379780" level="WARN">Keyword 'Capture Page Screenshot' could not be run on failure: No application is open</msg>
</errors>
</robot>
